07 Apr 2022 - 18:22:08.339 -  INFO  - com.company.UzCardApplication - Starting UzCardApplication using Java 17 on LAPTOP-E0Q83FD9 with PID 21964 (C:\Users\HP\IdeaProjects\UzCard (1)\UzCard\target\classes started by HP in C:\Users\HP\IdeaProjects\UzCard (1)\UzCard)
07 Apr 2022 - 18:22:08.341 -  INFO  - com.company.UzCardApplication - The following 1 profile is active: "prod"
07 Apr 2022 - 18:22:09.098 -  INFO  - o.s.d.r.c.RepositoryConfigurationDelegate - Bootstrapping Spring Data JPA repositories in DEFAULT mode.
07 Apr 2022 - 18:22:09.139 -  INFO  - o.s.d.r.c.RepositoryConfigurationDelegate - Finished Spring Data repository scanning in 34 ms. Found 3 JPA repository interfaces.
07 Apr 2022 - 18:22:09.539 -  INFO  - o.s.b.w.e.tomcat.TomcatWebServer - Tomcat initialized with port(s): 9090 (http)
07 Apr 2022 - 18:22:09.549 -  INFO  - o.a.catalina.core.StandardService - Starting service [Tomcat]
07 Apr 2022 - 18:22:09.549 -  INFO  - o.a.catalina.core.StandardEngine - Starting Servlet engine: [Apache Tomcat/9.0.60]
07 Apr 2022 - 18:22:09.706 -  INFO  - o.a.c.c.C.[Tomcat].[localhost].[/] - Initializing Spring embedded WebApplicationContext
07 Apr 2022 - 18:22:09.707 -  INFO  - o.s.b.w.s.c.ServletWebServerApplicationContext - Root WebApplicationContext: initialization completed in 1331 ms
07 Apr 2022 - 18:22:09.878 -  INFO  - o.h.jpa.internal.util.LogHelper - HHH000204: Processing PersistenceUnitInfo [name: default]
07 Apr 2022 - 18:22:09.917 -  INFO  - org.hibernate.Version - HHH000412: Hibernate ORM core version 5.6.7.Final
07 Apr 2022 - 18:22:10.023 -  INFO  - o.h.annotations.common.Version - HCANN000001: Hibernate Commons Annotations {5.1.2.Final}
07 Apr 2022 - 18:22:10.088 -  INFO  - com.zaxxer.hikari.HikariDataSource - HikariPool-1 - Starting...
07 Apr 2022 - 18:22:12.309 -  INFO  - com.zaxxer.hikari.HikariDataSource - HikariPool-1 - Start completed.
07 Apr 2022 - 18:22:12.332 -  INFO  - org.hibernate.dialect.Dialect - HHH000400: Using dialect: org.hibernate.dialect.PostgreSQL10Dialect
07 Apr 2022 - 18:22:12.779 -  WARN  - org.hibernate.id.UUIDHexGenerator - HHH000409: Using org.hibernate.id.UUIDHexGenerator which does not generate IETF RFC 4122 compliant UUID values; consider using org.hibernate.id.UUIDGenerator instead
07 Apr 2022 - 18:22:15.508 -  INFO  - o.h.e.t.j.p.i.JtaPlatformInitiator - HHH000490: Using JtaPlatform implementation: [org.hibernate.engine.transaction.jta.platform.internal.NoJtaPlatform]
07 Apr 2022 - 18:22:15.527 -  INFO  - o.s.o.j.LocalContainerEntityManagerFactoryBean - Initialized JPA EntityManagerFactory for persistence unit 'default'
07 Apr 2022 - 18:22:15.564 -  WARN  - o.s.b.a.o.j.JpaBaseConfiguration$JpaWebConfiguration - spring.jpa.open-in-view is enabled by default. Therefore, database queries may be performed during view rendering. Explicitly configure spring.jpa.open-in-view to disable this warning
07 Apr 2022 - 18:22:16.215 -  INFO  - o.s.s.web.DefaultSecurityFilterChain - Will not secure any request
07 Apr 2022 - 18:22:16.450 -  INFO  - o.s.b.w.e.tomcat.TomcatWebServer - Tomcat started on port(s): 9090 (http) with context path ''
07 Apr 2022 - 18:22:16.616 -  INFO  - com.company.UzCardApplication - Started UzCardApplication in 8.81 seconds (JVM running for 10.322)
